<?xml version="1.0" encoding="UTF-8"?>
<testsuites name="tesst_1" time="23.074" tests="1" failures="0" errors="0">
   <testsuite name="tesst_1" tests="1" failures="0" errors="0" time="23.074" skipped="0" timestamp="2022-08-16 14:17:28" hostname="loc.tnguyen - localhost" id="Test Suites/tesst_1">
      <properties>
         <property name="deviceName" value=""/>
         <property name="devicePlatform" value=""/>
         <property name="logFolder" value="/Users/loc.tnguyen/Desktop/VST_example/VST_Text_recognization/Reports/20220816_141716/tesst_1/20220816_141717"/>
         <property name="logFiles" value="/Users/loc.tnguyen/Desktop/VST_example/VST_Text_recognization/Reports/20220816_141716/tesst_1/20220816_141717/execution0.log"/>
         <property name="attachments" value="keyes/keyes-gen_Text.png"/>
         <property name="hostName" value="loc.tnguyen - localhost"/>
         <property name="os" value="Mac OS X 64bit"/>
         <property name="katalonVersion" value="8.4.1.208"/>
         <property name="browser" value="Chrome 104.0.5112.79"/>
         <property name="hostAddress" value="127.0.0.1"/>
         <property name="sessionId" value="705a8341bff45741b6efb2e488727e57"/>
         <property name="seleniumVersion" value="3.141.59"/>
         <property name="proxyInformation" value="ProxyInformation { proxyOption=NO_PROXY, proxyServerType=HTTP, username=, password=********, proxyServerAddress=, proxyServerPort=0, executionList=&quot;&quot;, isApplyToDesiredCapabilities=true }"/>
         <property name="platform" value="Mac OS X"/>
      </properties>
      <testcase name="Test Cases/VST_text_recoginzation" time="22.641" classname="Test Cases/VST_text_recoginzation" status="PASSED">
         <system-out><![CDATA[2022-08-16 14:17:29 - [TEST_CASE][PASSED] - Test Cases/VST_text_recoginzation: Test Cases/VST_text_recoginzation

2022-08-16 14:17:29 - [TEST_STEP][PASSED] - openBrowser("https://www.blindtextgenerator.com/lorem-ipsum"): Browser is opened with url: 'https://www.blindtextgenerator.com/lorem-ipsum'

2022-08-16 14:17:30 - [MESSAGE][INFO] - Starting 'Chrome' driver

2022-08-16 14:17:30 - [MESSAGE][INFO] - Action delay is set to 0 milliseconds

2022-08-16 14:17:49 - [MESSAGE][PASSED] - Browser is opened with url: 'https://www.blindtextgenerator.com/lorem-ipsum'

2022-08-16 14:17:49 - [TEST_STEP][PASSED] - takeScreenshotAsCheckpoint("gen_Text", STOP_ON_FAILURE): Taking screenshot successfully

2022-08-16 14:17:50 - [MESSAGE][INFO] - 0 hidden object(s)

2022-08-16 14:17:51 - [MESSAGE][PASSED] - Taking screenshot successfully
[[ATTACHMENT|keyes/keyes-gen_Text.png]]

2022-08-16 14:17:51 - [TEST_STEP][PASSED] - click(findTestObject("Object Repository/Page_Dummy_Text/input_Number_idInputWords")): Object: 'Object Repository/Page_Dummy_Text/input_Number_idInputWords' is clicked on

2022-08-16 14:17:51 - [MESSAGE][PASSED] - Object: 'Object Repository/Page_Dummy_Text/input_Number_idInputWords' is clicked on]]></system-out>
         <system-err><![CDATA[]]></system-err>
      </testcase>
      <system-out><![CDATA[2022-08-16 14:17:28 - [TEST_SUITE][PASSED] - tesst_1: Test Cases/VST_text_recoginzation]]></system-out>
      <system-err><![CDATA[]]></system-err>
   </testsuite>
</testsuites>
